<?xml version="1.0" encoding="UTF-8"?>
<!-- Generated by org.testng.reporters.JUnitReportReporter -->
<testsuite skipped="0" hostname="INAIRDT542670" name="InterviewQuestions.DateSelection" tests="1" failures="0" timestamp="04 Dec 2019 04:47:44 GMT" time="25.292" errors="0">
  <testcase name="addStock" time="25.292" classname="InterviewQuestions.DateSelection"/>
</testsuite> <!-- InterviewQuestions.DateSelection -->
