<?xml version="1.0" encoding="UTF-8"?>
<!-- Generated by org.testng.reporters.JUnitReportReporter -->
<testsuite skipped="1" hostname="INAIRDT542670" name="InterviewQuestions.ThrowAndThrows" tests="2" failures="0" timestamp="20 Nov 2019 03:59:46 GMT" time="5.007" errors="0">
  <testcase name="doLogin" time="0.007" classname="InterviewQuestions.ThrowAndThrows">
    <skipped/>
  </testcase> <!-- doLogin -->
  <testcase name="doLogout" time="5.000" classname="InterviewQuestions.ThrowAndThrows"/>
</testsuite> <!-- InterviewQuestions.ThrowAndThrows -->
