<?xml version="1.0" encoding="UTF-8"?>
<!-- Generated by org.testng.reporters.JUnitReportReporter -->
<testsuite skipped="0" hostname="INAIRDT542670" name="InterviewQuestions.RadioAndCheckBox" tests="1" failures="0" timestamp="29 Nov 2019 09:06:26 GMT" time="5.576" errors="0">
  <testcase name="checkRadio" time="5.576" classname="InterviewQuestions.RadioAndCheckBox"/>
</testsuite> <!-- InterviewQuestions.RadioAndCheckBox -->
