<?xml version="1.0" encoding="UTF-8"?>
<!-- Generated by org.testng.reporters.JUnitReportReporter -->
<testsuite skipped="0" hostname="INAIRDT542670" name="InterviewQuestions.ReadDataFromTable" tests="1" failures="0" timestamp="03 Dec 2019 06:15:49 GMT" time="36.880" errors="0">
  <testcase name="deleteStock" time="36.880" classname="InterviewQuestions.ReadDataFromTable"/>
</testsuite> <!-- InterviewQuestions.ReadDataFromTable -->
